{"/home/victor/Documents/jst/jst/parsers/contentparser.js":{"path":"/home/victor/Documents/jst/jst/parsers/contentparser.js","s":{"1":1,"2":1,"3":4,"4":4,"5":4,"6":1,"7":1,"8":4,"9":4,"10":4,"11":4,"12":4,"13":1,"14":17,"15":17,"16":17,"17":17,"18":1},"b":{},"f":{"1":4,"2":17},"fnMap":{"1":{"name":"parseString","line":3,"loc":{"start":{"line":3,"column":0},"end":{"line":3,"column":36}}},"2":{"name":"parseVariable","line":22,"loc":{"start":{"line":22,"column":0},"end":{"line":22,"column":38}}}},"statementMap":{"1":{"start":{"line":1,"column":0},"end":{"line":1,"column":42}},"2":{"start":{"line":3,"column":0},"end":{"line":20,"column":1}},"3":{"start":{"line":5,"column":2},"end":{"line":5,"column":41}},"4":{"start":{"line":6,"column":2},"end":{"line":6,"column":12}},"5":{"start":{"line":8,"column":2},"end":{"line":11,"column":3}},"6":{"start":{"line":9,"column":4},"end":{"line":9,"column":26}},"7":{"start":{"line":10,"column":4},"end":{"line":10,"column":63}},"8":{"start":{"line":14,"column":2},"end":{"line":14,"column":42}},"9":{"start":{"line":15,"column":2},"end":{"line":18,"column":3}},"10":{"start":{"line":16,"column":4},"end":{"line":16,"column":26}},"11":{"start":{"line":17,"column":4},"end":{"line":17,"column":65}},"12":{"start":{"line":19,"column":2},"end":{"line":19,"column":13}},"13":{"start":{"line":22,"column":0},"end":{"line":29,"column":1}},"14":{"start":{"line":24,"column":2},"end":{"line":24,"column":38}},"15":{"start":{"line":25,"column":2},"end":{"line":27,"column":17}},"16":{"start":{"line":26,"column":4},"end":{"line":26,"column":55}},"17":{"start":{"line":28,"column":2},"end":{"line":28,"column":13}},"18":{"start":{"line":31,"column":0},"end":{"line":34,"column":2}}},"branchMap":{}},"/home/victor/Documents/jst/jst/utils/trimmer.js":{"path":"/home/victor/Documents/jst/jst/utils/trimmer.js","s":{"1":1,"2":23,"3":19,"4":23},"b":{"1":[19,4]},"f":{"1":23},"fnMap":{"1":{"name":"(anonymous_1)","line":2,"loc":{"start":{"line":2,"column":20},"end":{"line":2,"column":38}}}},"statementMap":{"1":{"start":{"line":1,"column":0},"end":{"line":7,"column":1}},"2":{"start":{"line":3,"column":4},"end":{"line":4,"column":53}},"3":{"start":{"line":4,"column":6},"end":{"line":4,"column":53}},"4":{"start":{"line":5,"column":4},"end":{"line":5,"column":19}}},"branchMap":{"1":{"line":3,"type":"if","locations":[{"start":{"line":3,"column":4},"end":{"line":3,"column":4}},{"start":{"line":3,"column":4},"end":{"line":3,"column":4}}]}}},"/home/victor/Documents/jst/jst/parsers/ifelseparser.js":{"path":"/home/victor/Documents/jst/jst/parsers/ifelseparser.js","s":{"1":1,"2":1,"3":7,"4":7,"5":7,"6":5,"7":2,"8":3,"9":3,"10":3,"11":2,"12":1},"b":{"1":[5,2],"2":[2,1]},"f":{"1":7,"2":3},"fnMap":{"1":{"name":"(anonymous_1)","line":3,"loc":{"start":{"line":3,"column":22},"end":{"line":3,"column":60}}},"2":{"name":"(anonymous_2)","line":13,"loc":{"start":{"line":13,"column":15},"end":{"line":13,"column":69}}}},"statementMap":{"1":{"start":{"line":1,"column":0},"end":{"line":1,"column":50}},"2":{"start":{"line":2,"column":0},"end":{"line":22,"column":2}},"3":{"start":{"line":4,"column":4},"end":{"line":10,"column":19}},"4":{"start":{"line":5,"column":6},"end":{"line":5,"column":83}},"5":{"start":{"line":7,"column":6},"end":{"line":9,"column":7}},"6":{"start":{"line":8,"column":8},"end":{"line":8,"column":21}},"7":{"start":{"line":11,"column":4},"end":{"line":11,"column":14}},"8":{"start":{"line":14,"column":4},"end":{"line":19,"column":19}},"9":{"start":{"line":15,"column":6},"end":{"line":15,"column":83}},"10":{"start":{"line":16,"column":6},"end":{"line":18,"column":7}},"11":{"start":{"line":17,"column":8},"end":{"line":17,"column":25}},"12":{"start":{"line":20,"column":4},"end":{"line":20,"column":22}}},"branchMap":{"1":{"line":7,"type":"if","locations":[{"start":{"line":7,"column":6},"end":{"line":7,"column":6}},{"start":{"line":7,"column":6},"end":{"line":7,"column":6}}]},"2":{"line":16,"type":"if","locations":[{"start":{"line":16,"column":6},"end":{"line":16,"column":6}},{"start":{"line":16,"column":6},"end":{"line":16,"column":6}}]}}},"/home/victor/Documents/jst/jst/parsers/loopparser.js":{"path":"/home/victor/Documents/jst/jst/parsers/loopparser.js","s":{"1":1,"2":1,"3":1,"4":2,"5":2,"6":1,"7":1,"8":1,"9":3,"10":3,"11":3,"12":3,"13":1,"14":1,"15":2,"16":2,"17":2,"18":6,"19":6,"20":3,"21":6,"22":3,"23":6,"24":2,"25":2},"b":{"1":[1,1]},"f":{"1":2,"2":2,"3":2},"fnMap":{"1":{"name":"loopArray","line":4,"loc":{"start":{"line":4,"column":0},"end":{"line":4,"column":50}}},"2":{"name":"(anonymous_2)","line":19,"loc":{"start":{"line":19,"column":13},"end":{"line":19,"column":48}}},"3":{"name":"(anonymous_3)","line":34,"loc":{"start":{"line":34,"column":14},"end":{"line":34,"column":54}}}},"statementMap":{"1":{"start":{"line":1,"column":0},"end":{"line":1,"column":47}},"2":{"start":{"line":2,"column":0},"end":{"line":2,"column":42}},"3":{"start":{"line":4,"column":0},"end":{"line":16,"column":1}},"4":{"start":{"line":5,"column":2},"end":{"line":5,"column":18}},"5":{"start":{"line":6,"column":2},"end":{"line":7,"column":55}},"6":{"start":{"line":7,"column":4},"end":{"line":7,"column":55}},"7":{"start":{"line":8,"column":2},"end":{"line":8,"column":52}},"8":{"start":{"line":9,"column":2},"end":{"line":14,"column":3}},"9":{"start":{"line":10,"column":4},"end":{"line":10,"column":22}},"10":{"start":{"line":11,"column":4},"end":{"line":11,"column":22}},"11":{"start":{"line":12,"column":4},"end":{"line":12,"column":55}},"12":{"start":{"line":13,"column":4},"end":{"line":13,"column":57}},"13":{"start":{"line":15,"column":2},"end":{"line":15,"column":16}},"14":{"start":{"line":18,"column":0},"end":{"line":37,"column":2}},"15":{"start":{"line":20,"column":4},"end":{"line":20,"column":23}},"16":{"start":{"line":21,"column":4},"end":{"line":21,"column":17}},"17":{"start":{"line":22,"column":4},"end":{"line":31,"column":5}},"18":{"start":{"line":23,"column":6},"end":{"line":23,"column":18}},"19":{"start":{"line":24,"column":6},"end":{"line":26,"column":7}},"20":{"start":{"line":25,"column":8},"end":{"line":25,"column":47}},"21":{"start":{"line":27,"column":6},"end":{"line":29,"column":7}},"22":{"start":{"line":28,"column":8},"end":{"line":28,"column":38}},"23":{"start":{"line":30,"column":6},"end":{"line":30,"column":26}},"24":{"start":{"line":32,"column":4},"end":{"line":32,"column":30}},"25":{"start":{"line":35,"column":4},"end":{"line":35,"column":52}}},"branchMap":{"1":{"line":6,"type":"if","locations":[{"start":{"line":6,"column":2},"end":{"line":6,"column":2}},{"start":{"line":6,"column":2},"end":{"line":6,"column":2}}]}}},"/home/victor/Documents/jst/jst/parsers/tagparser.js":{"path":"/home/victor/Documents/jst/jst/parsers/tagparser.js","s":{"1":1,"2":8,"3":8,"4":8,"5":8,"6":6,"7":8,"8":1,"9":8,"10":8,"11":8,"12":5,"13":3,"14":1,"15":8,"16":8,"17":8,"18":8,"19":8,"20":4,"21":8,"22":3,"23":5,"24":1,"25":8,"26":8,"27":8,"28":8,"29":8,"30":2,"31":8,"32":2,"33":6,"34":1,"35":8,"36":8,"37":8,"38":8,"39":8,"40":2,"41":6,"42":3,"43":3,"44":1,"45":2},"b":{"1":[6,2],"2":[5,3],"3":[3,5],"4":[2,6],"5":[2,6],"6":[3,3],"7":[1,2]},"f":{"1":8,"2":8,"3":8,"4":8,"5":8},"fnMap":{"1":{"name":"getTagName","line":1,"loc":{"start":{"line":1,"column":0},"end":{"line":1,"column":25}}},"2":{"name":"getAttributes","line":11,"loc":{"start":{"line":11,"column":0},"end":{"line":11,"column":28}}},"3":{"name":"getClasses","line":20,"loc":{"start":{"line":20,"column":0},"end":{"line":20,"column":25}}},"4":{"name":"getIds","line":34,"loc":{"start":{"line":34,"column":0},"end":{"line":34,"column":21}}},"5":{"name":"(anonymous_5)","line":49,"loc":{"start":{"line":49,"column":12},"end":{"line":49,"column":32}}}},"statementMap":{"1":{"start":{"line":1,"column":0},"end":{"line":9,"column":1}},"2":{"start":{"line":2,"column":2},"end":{"line":2,"column":31}},"3":{"start":{"line":3,"column":2},"end":{"line":3,"column":30}},"4":{"start":{"line":4,"column":2},"end":{"line":4,"column":17}},"5":{"start":{"line":5,"column":2},"end":{"line":7,"column":3}},"6":{"start":{"line":6,"column":4},"end":{"line":6,"column":22}},"7":{"start":{"line":8,"column":2},"end":{"line":8,"column":16}},"8":{"start":{"line":11,"column":0},"end":{"line":18,"column":1}},"9":{"start":{"line":12,"column":2},"end":{"line":12,"column":25}},"10":{"start":{"line":13,"column":2},"end":{"line":13,"column":30}},"11":{"start":{"line":14,"column":2},"end":{"line":16,"column":3}},"12":{"start":{"line":15,"column":4},"end":{"line":15,"column":58}},"13":{"start":{"line":17,"column":2},"end":{"line":17,"column":12}},"14":{"start":{"line":20,"column":0},"end":{"line":32,"column":1}},"15":{"start":{"line":21,"column":2},"end":{"line":21,"column":33}},"16":{"start":{"line":22,"column":2},"end":{"line":22,"column":19}},"17":{"start":{"line":23,"column":2},"end":{"line":23,"column":12}},"18":{"start":{"line":24,"column":2},"end":{"line":24,"column":40}},"19":{"start":{"line":25,"column":2},"end":{"line":27,"column":3}},"20":{"start":{"line":26,"column":4},"end":{"line":26,"column":44}},"21":{"start":{"line":28,"column":2},"end":{"line":30,"column":3}},"22":{"start":{"line":29,"column":4},"end":{"line":29,"column":50}},"23":{"start":{"line":31,"column":2},"end":{"line":31,"column":12}},"24":{"start":{"line":34,"column":0},"end":{"line":46,"column":1}},"25":{"start":{"line":35,"column":2},"end":{"line":35,"column":30}},"26":{"start":{"line":36,"column":2},"end":{"line":36,"column":19}},"27":{"start":{"line":37,"column":2},"end":{"line":37,"column":12}},"28":{"start":{"line":38,"column":2},"end":{"line":38,"column":40}},"29":{"start":{"line":39,"column":2},"end":{"line":41,"column":3}},"30":{"start":{"line":40,"column":4},"end":{"line":40,"column":44}},"31":{"start":{"line":42,"column":2},"end":{"line":44,"column":3}},"32":{"start":{"line":43,"column":4},"end":{"line":43,"column":47}},"33":{"start":{"line":45,"column":2},"end":{"line":45,"column":12}},"34":{"start":{"line":48,"column":0},"end":{"line":67,"column":2}},"35":{"start":{"line":50,"column":4},"end":{"line":50,"column":34}},"36":{"start":{"line":51,"column":4},"end":{"line":51,"column":40}},"37":{"start":{"line":52,"column":4},"end":{"line":52,"column":34}},"38":{"start":{"line":53,"column":4},"end":{"line":53,"column":26}},"39":{"start":{"line":55,"column":4},"end":{"line":57,"column":5}},"40":{"start":{"line":56,"column":6},"end":{"line":56,"column":16}},"41":{"start":{"line":59,"column":4},"end":{"line":65,"column":5}},"42":{"start":{"line":60,"column":6},"end":{"line":60,"column":75}},"43":{"start":{"line":62,"column":6},"end":{"line":63,"column":55}},"44":{"start":{"line":63,"column":8},"end":{"line":63,"column":55}},"45":{"start":{"line":64,"column":6},"end":{"line":64,"column":55}}},"branchMap":{"1":{"line":5,"type":"if","locations":[{"start":{"line":5,"column":2},"end":{"line":5,"column":2}},{"start":{"line":5,"column":2},"end":{"line":5,"column":2}}]},"2":{"line":14,"type":"if","locations":[{"start":{"line":14,"column":2},"end":{"line":14,"column":2}},{"start":{"line":14,"column":2},"end":{"line":14,"column":2}}]},"3":{"line":28,"type":"if","locations":[{"start":{"line":28,"column":2},"end":{"line":28,"column":2}},{"start":{"line":28,"column":2},"end":{"line":28,"column":2}}]},"4":{"line":42,"type":"if","locations":[{"start":{"line":42,"column":2},"end":{"line":42,"column":2}},{"start":{"line":42,"column":2},"end":{"line":42,"column":2}}]},"5":{"line":55,"type":"if","locations":[{"start":{"line":55,"column":4},"end":{"line":55,"column":4}},{"start":{"line":55,"column":4},"end":{"line":55,"column":4}}]},"6":{"line":59,"type":"if","locations":[{"start":{"line":59,"column":4},"end":{"line":59,"column":4}},{"start":{"line":59,"column":4},"end":{"line":59,"column":4}}]},"7":{"line":62,"type":"if","locations":[{"start":{"line":62,"column":6},"end":{"line":62,"column":6}},{"start":{"line":62,"column":6},"end":{"line":62,"column":6}}]}}}}