TN:
SF:/home/victor/Documents/jst/jst/parsers/contentparser.js
FN:3,parseString
FN:22,parseVariable
FNF:2
FNH:2
FNDA:4,parseString
FNDA:17,parseVariable
DA:1,1
DA:3,1
DA:5,4
DA:6,4
DA:8,4
DA:9,1
DA:10,1
DA:14,4
DA:15,4
DA:16,4
DA:17,4
DA:19,4
DA:22,1
DA:24,17
DA:25,17
DA:26,17
DA:28,17
DA:31,1
LF:18
LH:18
BRF:0
BRH:0
end_of_record
TN:
SF:/home/victor/Documents/jst/jst/utils/trimmer.js
FN:2,(anonymous_1)
FNF:1
FNH:1
FNDA:23,(anonymous_1)
DA:1,1
DA:3,23
DA:4,19
DA:5,23
LF:4
LH:4
BRDA:3,1,0,19
BRDA:3,1,1,4
BRF:2
BRH:2
end_of_record
TN:
SF:/home/victor/Documents/jst/jst/parsers/ifelseparser.js
FN:3,(anonymous_1)
FN:13,(anonymous_2)
FNF:2
FNH:2
FNDA:7,(anonymous_1)
FNDA:3,(anonymous_2)
DA:1,1
DA:2,1
DA:4,7
DA:5,7
DA:7,7
DA:8,5
DA:11,2
DA:14,3
DA:15,3
DA:16,3
DA:17,2
DA:20,1
LF:12
LH:12
BRDA:7,1,0,5
BRDA:7,1,1,2
BRDA:16,2,0,2
BRDA:16,2,1,1
BRF:4
BRH:4
end_of_record
TN:
SF:/home/victor/Documents/jst/jst/parsers/loopparser.js
FN:4,loopArray
FN:19,(anonymous_2)
FN:34,(anonymous_3)
FNF:3
FNH:3
FNDA:2,loopArray
FNDA:2,(anonymous_2)
FNDA:2,(anonymous_3)
DA:1,1
DA:2,1
DA:4,1
DA:5,2
DA:6,2
DA:7,1
DA:8,1
DA:9,1
DA:10,3
DA:11,3
DA:12,3
DA:13,3
DA:15,1
DA:18,1
DA:20,2
DA:21,2
DA:22,2
DA:23,6
DA:24,6
DA:25,3
DA:27,6
DA:28,3
DA:30,6
DA:32,2
DA:35,2
LF:25
LH:25
BRDA:6,1,0,1
BRDA:6,1,1,1
BRF:2
BRH:2
end_of_record
TN:
SF:/home/victor/Documents/jst/jst/parsers/tagparser.js
FN:1,getTagName
FN:11,getAttributes
FN:20,getClasses
FN:34,getIds
FN:49,(anonymous_5)
FNF:5
FNH:5
FNDA:8,getTagName
FNDA:8,getAttributes
FNDA:8,getClasses
FNDA:8,getIds
FNDA:8,(anonymous_5)
DA:1,1
DA:2,8
DA:3,8
DA:4,8
DA:5,8
DA:6,6
DA:8,8
DA:11,1
DA:12,8
DA:13,8
DA:14,8
DA:15,5
DA:17,3
DA:20,1
DA:21,8
DA:22,8
DA:23,8
DA:24,8
DA:25,8
DA:26,4
DA:28,8
DA:29,3
DA:31,5
DA:34,1
DA:35,8
DA:36,8
DA:37,8
DA:38,8
DA:39,8
DA:40,2
DA:42,8
DA:43,2
DA:45,6
DA:48,1
DA:50,8
DA:51,8
DA:52,8
DA:53,8
DA:55,8
DA:56,2
DA:59,6
DA:60,3
DA:62,3
DA:63,1
DA:64,2
LF:45
LH:45
BRDA:5,1,0,6
BRDA:5,1,1,2
BRDA:14,2,0,5
BRDA:14,2,1,3
BRDA:28,3,0,3
BRDA:28,3,1,5
BRDA:42,4,0,2
BRDA:42,4,1,6
BRDA:55,5,0,2
BRDA:55,5,1,6
BRDA:59,6,0,3
BRDA:59,6,1,3
BRDA:62,7,0,1
BRDA:62,7,1,2
BRF:14
BRH:14
end_of_record
